[1mLiftoff 0.3 @ theodon-toy:experiments:f37c121[0m
Command to be run:
 date +%s 1> /data/results/theodon-toy/2019Jun28-205621_SCS9N1_boot_bal/0005_er.beta_0.4__er.alpha_0.5__lr_0.00025/4/.__start 2>/dev/null && nohup sh -c 'CUDA_VISIBLE_DEVICES=0  python -u main.py /data/results/theodon-toy/2019Jun28-205621_SCS9N1_boot_bal/0005_er.beta_0.4__er.alpha_0.5__lr_0.00025/4/cfg.yaml --session-id af42b7d1-0f51-4ea2-a732-c15dc99c912e 2>/data/results/theodon-toy/2019Jun28-205621_SCS9N1_boot_bal/0005_er.beta_0.4__er.alpha_0.5__lr_0.00025/4/err 1>/data/results/theodon-toy/2019Jun28-205621_SCS9N1_boot_bal/0005_er.beta_0.4__er.alpha_0.5__lr_0.00025/4/out && date +%s > /data/results/theodon-toy/2019Jun28-205621_SCS9N1_boot_bal/0005_er.beta_0.4__er.alpha_0.5__lr_0.00025/4/.__end || date +%s > /data/results/theodon-toy/2019Jun28-205621_SCS9N1_boot_bal/0005_er.beta_0.4__er.alpha_0.5__lr_0.00025/4/.__crash' 1> /data/results/theodon-toy/2019Jun28-205621_SCS9N1_boot_bal/0005_er.beta_0.4__er.alpha_0.5__lr_0.00025/4/nohup.out 2> /data/results/theodon-toy/2019Jun28-205621_SCS9N1_boot_bal/0005_er.beta_0.4__er.alpha_0.5__lr_0.00025/4/nohup.err & echo $!
New PID is 30682.
Command to be run:
 date +%s 1> /data/results/theodon-toy/2019Jun28-205621_SCS9N1_boot_bal/0005_er.beta_0.4__er.alpha_0.5__lr_0.00025/5/.__start 2>/dev/null && nohup sh -c 'CUDA_VISIBLE_DEVICES=1  python -u main.py /data/results/theodon-toy/2019Jun28-205621_SCS9N1_boot_bal/0005_er.beta_0.4__er.alpha_0.5__lr_0.00025/5/cfg.yaml --session-id af42b7d1-0f51-4ea2-a732-c15dc99c912e 2>/data/results/theodon-toy/2019Jun28-205621_SCS9N1_boot_bal/0005_er.beta_0.4__er.alpha_0.5__lr_0.00025/5/err 1>/data/results/theodon-toy/2019Jun28-205621_SCS9N1_boot_bal/0005_er.beta_0.4__er.alpha_0.5__lr_0.00025/5/out && date +%s > /data/results/theodon-toy/2019Jun28-205621_SCS9N1_boot_bal/0005_er.beta_0.4__er.alpha_0.5__lr_0.00025/5/.__end || date +%s > /data/results/theodon-toy/2019Jun28-205621_SCS9N1_boot_bal/0005_er.beta_0.4__er.alpha_0.5__lr_0.00025/5/.__crash' 1> /data/results/theodon-toy/2019Jun28-205621_SCS9N1_boot_bal/0005_er.beta_0.4__er.alpha_0.5__lr_0.00025/5/nohup.out 2> /data/results/theodon-toy/2019Jun28-205621_SCS9N1_boot_bal/0005_er.beta_0.4__er.alpha_0.5__lr_0.00025/5/nohup.err & echo $!
New PID is 30686.
> er.beta=0.4; er.alpha=0.5; lr=0.00025 seems to be over.
Command to be run:
 date +%s 1> /data/results/theodon-toy/2019Jun28-205621_SCS9N1_boot_bal/0002_er.beta_None__er.alpha_0.9__lr_0.0005/5/.__start 2>/dev/null && nohup sh -c 'CUDA_VISIBLE_DEVICES=0  python -u main.py /data/results/theodon-toy/2019Jun28-205621_SCS9N1_boot_bal/0002_er.beta_None__er.alpha_0.9__lr_0.0005/5/cfg.yaml --session-id af42b7d1-0f51-4ea2-a732-c15dc99c912e 2>/data/results/theodon-toy/2019Jun28-205621_SCS9N1_boot_bal/0002_er.beta_None__er.alpha_0.9__lr_0.0005/5/err 1>/data/results/theodon-toy/2019Jun28-205621_SCS9N1_boot_bal/0002_er.beta_None__er.alpha_0.9__lr_0.0005/5/out && date +%s > /data/results/theodon-toy/2019Jun28-205621_SCS9N1_boot_bal/0002_er.beta_None__er.alpha_0.9__lr_0.0005/5/.__end || date +%s > /data/results/theodon-toy/2019Jun28-205621_SCS9N1_boot_bal/0002_er.beta_None__er.alpha_0.9__lr_0.0005/5/.__crash' 1> /data/results/theodon-toy/2019Jun28-205621_SCS9N1_boot_bal/0002_er.beta_None__er.alpha_0.9__lr_0.0005/5/nohup.out 2> /data/results/theodon-toy/2019Jun28-205621_SCS9N1_boot_bal/0002_er.beta_None__er.alpha_0.9__lr_0.0005/5/nohup.err & echo $!
New PID is 34398.
> er.beta=0.4; er.alpha=0.5; lr=0.00025 seems to be over.
Command to be run:
 date +%s 1> /data/results/theodon-toy/2019Jun28-205621_SCS9N1_boot_bal/0003_er.beta_None__er.alpha_0.9__lr_0.00025/3/.__start 2>/dev/null && nohup sh -c 'CUDA_VISIBLE_DEVICES=1  python -u main.py /data/results/theodon-toy/2019Jun28-205621_SCS9N1_boot_bal/0003_er.beta_None__er.alpha_0.9__lr_0.00025/3/cfg.yaml --session-id af42b7d1-0f51-4ea2-a732-c15dc99c912e 2>/data/results/theodon-toy/2019Jun28-205621_SCS9N1_boot_bal/0003_er.beta_None__er.alpha_0.9__lr_0.00025/3/err 1>/data/results/theodon-toy/2019Jun28-205621_SCS9N1_boot_bal/0003_er.beta_None__er.alpha_0.9__lr_0.00025/3/out && date +%s > /data/results/theodon-toy/2019Jun28-205621_SCS9N1_boot_bal/0003_er.beta_None__er.alpha_0.9__lr_0.00025/3/.__end || date +%s > /data/results/theodon-toy/2019Jun28-205621_SCS9N1_boot_bal/0003_er.beta_None__er.alpha_0.9__lr_0.00025/3/.__crash' 1> /data/results/theodon-toy/2019Jun28-205621_SCS9N1_boot_bal/0003_er.beta_None__er.alpha_0.9__lr_0.00025/3/nohup.out 2> /data/results/theodon-toy/2019Jun28-205621_SCS9N1_boot_bal/0003_er.beta_None__er.alpha_0.9__lr_0.00025/3/nohup.err & echo $!
New PID is 3133.
> er.beta=None; er.alpha=0.9; lr=0.0005 seems to be over.
Command to be run:
 date +%s 1> /data/results/theodon-toy/2019Jun28-205621_SCS9N1_boot_bal/0004_er.beta_0.4__er.alpha_0.5__lr_0.0005/4/.__start 2>/dev/null && nohup sh -c 'CUDA_VISIBLE_DEVICES=0  python -u main.py /data/results/theodon-toy/2019Jun28-205621_SCS9N1_boot_bal/0004_er.beta_0.4__er.alpha_0.5__lr_0.0005/4/cfg.yaml --session-id af42b7d1-0f51-4ea2-a732-c15dc99c912e 2>/data/results/theodon-toy/2019Jun28-205621_SCS9N1_boot_bal/0004_er.beta_0.4__er.alpha_0.5__lr_0.0005/4/err 1>/data/results/theodon-toy/2019Jun28-205621_SCS9N1_boot_bal/0004_er.beta_0.4__er.alpha_0.5__lr_0.0005/4/out && date +%s > /data/results/theodon-toy/2019Jun28-205621_SCS9N1_boot_bal/0004_er.beta_0.4__er.alpha_0.5__lr_0.0005/4/.__end || date +%s > /data/results/theodon-toy/2019Jun28-205621_SCS9N1_boot_bal/0004_er.beta_0.4__er.alpha_0.5__lr_0.0005/4/.__crash' 1> /data/results/theodon-toy/2019Jun28-205621_SCS9N1_boot_bal/0004_er.beta_0.4__er.alpha_0.5__lr_0.0005/4/nohup.out 2> /data/results/theodon-toy/2019Jun28-205621_SCS9N1_boot_bal/0004_er.beta_0.4__er.alpha_0.5__lr_0.0005/4/nohup.err & echo $!
New PID is 3860.
> er.beta=None; er.alpha=0.9; lr=0.00025 seems to be over.
Command to be run:
 date +%s 1> /data/results/theodon-toy/2019Jun28-205621_SCS9N1_boot_bal/0001_er.beta_None__er.alpha_0.5__lr_0.00025/4/.__start 2>/dev/null && nohup sh -c 'CUDA_VISIBLE_DEVICES=1  python -u main.py /data/results/theodon-toy/2019Jun28-205621_SCS9N1_boot_bal/0001_er.beta_None__er.alpha_0.5__lr_0.00025/4/cfg.yaml --session-id af42b7d1-0f51-4ea2-a732-c15dc99c912e 2>/data/results/theodon-toy/2019Jun28-205621_SCS9N1_boot_bal/0001_er.beta_None__er.alpha_0.5__lr_0.00025/4/err 1>/data/results/theodon-toy/2019Jun28-205621_SCS9N1_boot_bal/0001_er.beta_None__er.alpha_0.5__lr_0.00025/4/out && date +%s > /data/results/theodon-toy/2019Jun28-205621_SCS9N1_boot_bal/0001_er.beta_None__er.alpha_0.5__lr_0.00025/4/.__end || date +%s > /data/results/theodon-toy/2019Jun28-205621_SCS9N1_boot_bal/0001_er.beta_None__er.alpha_0.5__lr_0.00025/4/.__crash' 1> /data/results/theodon-toy/2019Jun28-205621_SCS9N1_boot_bal/0001_er.beta_None__er.alpha_0.5__lr_0.00025/4/nohup.out 2> /data/results/theodon-toy/2019Jun28-205621_SCS9N1_boot_bal/0001_er.beta_None__er.alpha_0.5__lr_0.00025/4/nohup.err & echo $!
New PID is 21051.
> er.beta=None; er.alpha=0.5; lr=0.00025 seems to be over.
Command to be run:
 date +%s 1> /data/results/theodon-toy/2019Jun28-205621_SCS9N1_boot_bal/0001_er.beta_None__er.alpha_0.5__lr_0.00025/5/.__start 2>/dev/null && nohup sh -c 'CUDA_VISIBLE_DEVICES=1  python -u main.py /data/results/theodon-toy/2019Jun28-205621_SCS9N1_boot_bal/0001_er.beta_None__er.alpha_0.5__lr_0.00025/5/cfg.yaml --session-id af42b7d1-0f51-4ea2-a732-c15dc99c912e 2>/data/results/theodon-toy/2019Jun28-205621_SCS9N1_boot_bal/0001_er.beta_None__er.alpha_0.5__lr_0.00025/5/err 1>/data/results/theodon-toy/2019Jun28-205621_SCS9N1_boot_bal/0001_er.beta_None__er.alpha_0.5__lr_0.00025/5/out && date +%s > /data/results/theodon-toy/2019Jun28-205621_SCS9N1_boot_bal/0001_er.beta_None__er.alpha_0.5__lr_0.00025/5/.__end || date +%s > /data/results/theodon-toy/2019Jun28-205621_SCS9N1_boot_bal/0001_er.beta_None__er.alpha_0.5__lr_0.00025/5/.__crash' 1> /data/results/theodon-toy/2019Jun28-205621_SCS9N1_boot_bal/0001_er.beta_None__er.alpha_0.5__lr_0.00025/5/nohup.out 2> /data/results/theodon-toy/2019Jun28-205621_SCS9N1_boot_bal/0001_er.beta_None__er.alpha_0.5__lr_0.00025/5/nohup.err & echo $!
New PID is 42656.
> er.beta=0.4; er.alpha=0.5; lr=0.0005 seems to be over.
Command to be run:
 date +%s 1> /data/results/theodon-toy/2019Jun28-205621_SCS9N1_boot_bal/0009_er.beta_0.8__er.alpha_0.5__lr_0.00025/4/.__start 2>/dev/null && nohup sh -c 'CUDA_VISIBLE_DEVICES=0  python -u main.py /data/results/theodon-toy/2019Jun28-205621_SCS9N1_boot_bal/0009_er.beta_0.8__er.alpha_0.5__lr_0.00025/4/cfg.yaml --session-id af42b7d1-0f51-4ea2-a732-c15dc99c912e 2>/data/results/theodon-toy/2019Jun28-205621_SCS9N1_boot_bal/0009_er.beta_0.8__er.alpha_0.5__lr_0.00025/4/err 1>/data/results/theodon-toy/2019Jun28-205621_SCS9N1_boot_bal/0009_er.beta_0.8__er.alpha_0.5__lr_0.00025/4/out && date +%s > /data/results/theodon-toy/2019Jun28-205621_SCS9N1_boot_bal/0009_er.beta_0.8__er.alpha_0.5__lr_0.00025/4/.__end || date +%s > /data/results/theodon-toy/2019Jun28-205621_SCS9N1_boot_bal/0009_er.beta_0.8__er.alpha_0.5__lr_0.00025/4/.__crash' 1> /data/results/theodon-toy/2019Jun28-205621_SCS9N1_boot_bal/0009_er.beta_0.8__er.alpha_0.5__lr_0.00025/4/nohup.out 2> /data/results/theodon-toy/2019Jun28-205621_SCS9N1_boot_bal/0009_er.beta_0.8__er.alpha_0.5__lr_0.00025/4/nohup.err & echo $!
New PID is 15158.
> er.beta=None; er.alpha=0.5; lr=0.00025 seems to be over.
Nothing more to run here.
> er.beta=0.8; er.alpha=0.5; lr=0.00025 seems to be over.
[1mExperiment /data/results/theodon-toy/2019Jun28-205621_SCS9N1_boot_bal/ ended.[0m
heodon-toy/2019Jun28-205621_SCS9N1_boot_bal/0009_er.beta_0.8__er.alpha_0.5__lr_0.00025/3/cfg.yaml --session-id 3dd43414-e437-4bf9-91b0-8d9accf6bf5d 2>/data/results/theodon-toy/2019Jun28-205621_SCS9N1_boot_bal/0009_er.beta_0.8__er.alpha_0.5__lr_0.00025/3/err 1>/data/results/theodon-toy/2019Jun28-205621_SCS9N1_boot_bal/0009_er.beta_0.8__er.alpha_0.5__lr_0.00025/3/out && date +%s > /data/results/theodon-toy/2019Jun28-205621_SCS9N1_boot_bal/0009_er.beta_0.8__er.alpha_0.5__lr_0.00025/3/.__end || date +%s > /data/results/theodon-toy/2019Jun28-205621_SCS9N1_boot_bal/0009_er.beta_0.8__er.alpha_0.5__lr_0.00025/3/.__crash' 1> /data/results/theodon-toy/2019Jun28-205621_SCS9N1_boot_bal/0009_er.beta_0.8__er.alpha_0.5__lr_0.00025/3/nohup.out 2> /data/results/theodon-toy/2019Jun28-205621_SCS9N1_boot_bal/0009_er.beta_0.8__er.alpha_0.5__lr_0.00025/3/nohup.err & echo $!
New PID is 8900.
> er.beta=0.8; er.alpha=0.5; lr=0.00025 seems to be over.
Nothing more to run here.
> er.beta=0.4; er.alpha=0.9; lr=0.0005 seems to be over.
[1mExperiment /data/results/theodon-toy/2019Jun28-205621_SCS9N1_boot_bal/ ended.[0m
